{"epoch":1711584486,"userID":1, "action": "login"}
{"epoch":1711584486,"userID":1, "action": "create_class"}
{"epoch":1711584486,"userID":1, "action": "teach_lesson"}
{"epoch":1711584486,"userID":1, "action": "teach_lesson"}
{"epoch":1711584486,"userID":1, "action": "teach_lesson"}
{"epoch":1711584486,"userID":1, "action": "teach_lesson"}
{"epoch":1711584486,"userID":1, "action": "teach_lesson"}
{"epoch":1711584486,"userID":1, "action": "give_homework"}
{"epoch":1711584486,"userID":1, "action": "teach_lesson"}
{"epoch":1711584486,"userID":1, "action": "teach_lesson"}
{"epoch":1711584832 , "userID":2,"action":"login"}
{"epoch":1711584832 , "userID":2,"action":"teach_lesson"}
{"epoch":1711584832 , "userID":2,"action":"give_homework"}
{"epoch":1711584849 , "userID":2,"action":"teach_lesson"}
{"epoch":1711584849 , "userID":2,"action":"give_homework"}
{"epoch":1711584849 , "userID":2,"action":"teach_lesson"}
{"epoch":1711584865 , "userID":2,"action":"give_homework"}
{"epoch":1711584865 , "userID":2,"action":"teach_lesson"}
{"epoch":1711584865 , "userID":2,"action":"give_homework"}
{"epoch":1711584889 , "userID":2,"action":"teach_lesson"}
{"epoch":1711584889 , "userID":2,"action":"give_homework"}
{"epoch": 1711584897, "userID":3,"action":"login"}
{"epoch": 1711584997, "userID":3,"action":"teach_lesson"}
{"epoch": 1711585897, "userID":3,"action":"record_lesson"}
{"epoch": 1711586897, "userID":3,"action":"create_content"}
{"epoch": 1711587897, "userID":3,"action":"post"}
{"epoch": 1711594897, "userID":3,"action":"confirm_student_tasks"}
{"epoch": 1711594897, "userID":3,"action":"post"}
{"epoch": 1711594897, "userID":3,"action":"create_content"}
{"epoch": 1711594897, "userID":3,"action":"post"}